0 info it worked if it ends with ok
1 verbose cli [ '/usr/local/bin/node', '/usr/local/bin/npm', 'publish' ]
2 info using npm@1.2.15
3 info using node@v0.10.1
4 verbose publish [ '.' ]
5 verbose read json /home/jose/ep_themes/package.json
6 verbose cache add [ '.', null ]
7 verbose cache add name=undefined spec="." args=[".",null]
8 verbose parsed url { protocol: null,
8 verbose parsed url   slashes: null,
8 verbose parsed url   auth: null,
8 verbose parsed url   host: null,
8 verbose parsed url   port: null,
8 verbose parsed url   hostname: null,
8 verbose parsed url   hash: null,
8 verbose parsed url   search: null,
8 verbose parsed url   query: null,
8 verbose parsed url   pathname: '.',
8 verbose parsed url   path: '.',
8 verbose parsed url   href: '.' }
9 silly lockFile 3a52ce78- .
10 verbose lock . /home/jose/.npm/3a52ce78-.lock
11 verbose read json package.json
12 verbose tar pack [ '/home/jose/tmp/npm-5207/1364307772907-0.7450058537069708/tmp.tgz',
12 verbose tar pack   '.' ]
13 verbose tarball /home/jose/tmp/npm-5207/1364307772907-0.7450058537069708/tmp.tgz
14 verbose folder .
15 info prepublish ep_themes@0.0.9
16 silly lockFile 3a52ce78- .
17 verbose lock . /home/jose/.npm/3a52ce78-.lock
18 silly lockFile 8d0613a3-72907-0-7450058537069708-tmp-tgz /home/jose/tmp/npm-5207/1364307772907-0.7450058537069708/tmp.tgz
19 verbose lock /home/jose/tmp/npm-5207/1364307772907-0.7450058537069708/tmp.tgz /home/jose/.npm/8d0613a3-72907-0-7450058537069708-tmp-tgz.lock
20 silly lockFile 3a52ce78- .
21 silly lockFile 3a52ce78- .
22 silly lockFile 8d0613a3-72907-0-7450058537069708-tmp-tgz /home/jose/tmp/npm-5207/1364307772907-0.7450058537069708/tmp.tgz
23 silly lockFile 8d0613a3-72907-0-7450058537069708-tmp-tgz /home/jose/tmp/npm-5207/1364307772907-0.7450058537069708/tmp.tgz
24 verbose tar unpack /home/jose/tmp/npm-5207/1364307772907-0.7450058537069708/tmp.tgz
25 silly lockFile ac1bf89c-72907-0-7450058537069708-package /home/jose/tmp/npm-5207/1364307772907-0.7450058537069708/package
26 verbose lock /home/jose/tmp/npm-5207/1364307772907-0.7450058537069708/package /home/jose/.npm/ac1bf89c-72907-0-7450058537069708-package.lock
27 silly lockFile 8d0613a3-72907-0-7450058537069708-tmp-tgz /home/jose/tmp/npm-5207/1364307772907-0.7450058537069708/tmp.tgz
28 verbose lock /home/jose/tmp/npm-5207/1364307772907-0.7450058537069708/tmp.tgz /home/jose/.npm/8d0613a3-72907-0-7450058537069708-tmp-tgz.lock
29 silly gunzTarPerm modes [ '755', '644' ]
30 silly gunzTarPerm extractEntry package.json
31 silly gunzTarPerm extractEntry .npmignore
32 silly gunzTarPerm extractEntry README.md
33 silly gunzTarPerm extractEntry index.js
34 silly gunzTarPerm extractEntry .ep_initialized
35 silly gunzTarPerm extractEntry ep.json
36 silly gunzTarPerm extractEntry static/css/diffview.css
37 silly gunzTarPerm extractEntry static/js/init.js
38 silly gunzTarPerm extractEntry static/js/themes.js
39 silly gunzTarPerm extractEntry templates/themesMenu.ejs
40 verbose read json /home/jose/tmp/npm-5207/1364307772907-0.7450058537069708/package/package.json
41 silly lockFile ac1bf89c-72907-0-7450058537069708-package /home/jose/tmp/npm-5207/1364307772907-0.7450058537069708/package
42 silly lockFile ac1bf89c-72907-0-7450058537069708-package /home/jose/tmp/npm-5207/1364307772907-0.7450058537069708/package
43 silly lockFile 8d0613a3-72907-0-7450058537069708-tmp-tgz /home/jose/tmp/npm-5207/1364307772907-0.7450058537069708/tmp.tgz
44 silly lockFile 8d0613a3-72907-0-7450058537069708-tmp-tgz /home/jose/tmp/npm-5207/1364307772907-0.7450058537069708/tmp.tgz
45 verbose from cache /home/jose/tmp/npm-5207/1364307772907-0.7450058537069708/package/package.json
46 verbose tar pack [ '/home/jose/.npm/ep_themes/0.0.9/package.tgz',
46 verbose tar pack   '/home/jose/tmp/npm-5207/1364307772907-0.7450058537069708/package' ]
47 verbose tarball /home/jose/.npm/ep_themes/0.0.9/package.tgz
48 verbose folder /home/jose/tmp/npm-5207/1364307772907-0.7450058537069708/package
49 silly lockFile ac1bf89c-72907-0-7450058537069708-package /home/jose/tmp/npm-5207/1364307772907-0.7450058537069708/package
50 verbose lock /home/jose/tmp/npm-5207/1364307772907-0.7450058537069708/package /home/jose/.npm/ac1bf89c-72907-0-7450058537069708-package.lock
51 silly lockFile 08bc34cf--npm-ep-themes-0-0-9-package-tgz /home/jose/.npm/ep_themes/0.0.9/package.tgz
52 verbose lock /home/jose/.npm/ep_themes/0.0.9/package.tgz /home/jose/.npm/08bc34cf--npm-ep-themes-0-0-9-package-tgz.lock
53 silly lockFile ac1bf89c-72907-0-7450058537069708-package /home/jose/tmp/npm-5207/1364307772907-0.7450058537069708/package
54 silly lockFile ac1bf89c-72907-0-7450058537069708-package /home/jose/tmp/npm-5207/1364307772907-0.7450058537069708/package
55 silly lockFile 08bc34cf--npm-ep-themes-0-0-9-package-tgz /home/jose/.npm/ep_themes/0.0.9/package.tgz
56 silly lockFile 08bc34cf--npm-ep-themes-0-0-9-package-tgz /home/jose/.npm/ep_themes/0.0.9/package.tgz
57 silly lockFile 3d846ad3-jose-npm-ep-themes-0-0-9-package /home/jose/.npm/ep_themes/0.0.9/package
58 verbose lock /home/jose/.npm/ep_themes/0.0.9/package /home/jose/.npm/3d846ad3-jose-npm-ep-themes-0-0-9-package.lock
59 silly lockFile 3d846ad3-jose-npm-ep-themes-0-0-9-package /home/jose/.npm/ep_themes/0.0.9/package
60 silly lockFile 3d846ad3-jose-npm-ep-themes-0-0-9-package /home/jose/.npm/ep_themes/0.0.9/package
61 verbose tar unpack /home/jose/.npm/ep_themes/0.0.9/package.tgz
62 silly lockFile 3d846ad3-jose-npm-ep-themes-0-0-9-package /home/jose/.npm/ep_themes/0.0.9/package
63 verbose lock /home/jose/.npm/ep_themes/0.0.9/package /home/jose/.npm/3d846ad3-jose-npm-ep-themes-0-0-9-package.lock
64 silly lockFile 08bc34cf--npm-ep-themes-0-0-9-package-tgz /home/jose/.npm/ep_themes/0.0.9/package.tgz
65 verbose lock /home/jose/.npm/ep_themes/0.0.9/package.tgz /home/jose/.npm/08bc34cf--npm-ep-themes-0-0-9-package-tgz.lock
66 silly gunzTarPerm modes [ '755', '644' ]
67 silly gunzTarPerm extractEntry package.json
68 silly gunzTarPerm extractEntry .npmignore
69 silly gunzTarPerm extractEntry README.md
70 silly gunzTarPerm extractEntry index.js
71 silly gunzTarPerm extractEntry .ep_initialized
72 silly gunzTarPerm extractEntry ep.json
73 silly gunzTarPerm extractEntry static/css/diffview.css
74 silly gunzTarPerm extractEntry static/js/init.js
75 silly gunzTarPerm extractEntry static/js/themes.js
76 silly gunzTarPerm extractEntry templates/themesMenu.ejs
77 verbose read json /home/jose/.npm/ep_themes/0.0.9/package/package.json
78 silly lockFile 3d846ad3-jose-npm-ep-themes-0-0-9-package /home/jose/.npm/ep_themes/0.0.9/package
79 silly lockFile 3d846ad3-jose-npm-ep-themes-0-0-9-package /home/jose/.npm/ep_themes/0.0.9/package
80 silly lockFile 08bc34cf--npm-ep-themes-0-0-9-package-tgz /home/jose/.npm/ep_themes/0.0.9/package.tgz
81 silly lockFile 08bc34cf--npm-ep-themes-0-0-9-package-tgz /home/jose/.npm/ep_themes/0.0.9/package.tgz
82 silly shasum updated bytes 3852
83 info shasum d812e65af8f3493fe3913ba6800f496e0e7e97ae
83 info shasum /home/jose/.npm/ep_themes/0.0.9/package.tgz
84 verbose from cache /home/jose/.npm/ep_themes/0.0.9/package/package.json
85 verbose chmod /home/jose/.npm/ep_themes/0.0.9/package.tgz 644
86 verbose chown /home/jose/.npm/ep_themes/0.0.9/package.tgz [ 1000, 1000 ]
87 silly lockFile 3a52ce78- .
88 silly publish { name: 'ep_themes',
88 silly publish   version: '0.0.9',
88 silly publish   description: 'Change the themes, styles & colors of different parts of Etherpad Lite',
88 silly publish   author:
88 silly publish    { name: 'John McLear',
88 silly publish      email: 'john@mclear.co.uk',
88 silly publish      url: 'http://mclear.co.uk' },
88 silly publish   contributors: [ { name: 'Luke Williams', email: 'xocel@iquidus.org' } ],
88 silly publish   engines: { node: '>= 0.6.0' },
88 silly publish   readmeFilename: 'README.md',
88 silly publish   readme: '# Change the styling of a pad\n\n# Available Themes:\n\n* normal\n* terminal\n* hacker\n* cybergal\n* monokai\n\nAvailable Params\n```\ntheme     = Name of the theme IE hacker or terminal\nfont      = Pad font color\nbg        = Pad Background Color \ntoolbar   = Toolbar Background color\nsidebar   = Sidebar font color\nsidebarBg = Sidebar Background color\n```\n\n# USAGE\nTo use add the params to your Pad URL IE\n\n?theme=terminal\n\nhttp://beta.etherpad.org/p/test?theme=terminal\n\n![Alt text](http://i.imgur.com/ktoSFGh.png)\n\n# CONTRIBUTING\nSee themes.js, use github.\n\n# INSTALL\nInstall via the /admin/plugins UI in Etherpad Lite.\n\nRequires Etherpad lite >= version 1.2.5  \nThe following can optionally be added to your settings.json:  \n\n    "ep_themes":{  \n      "default_theme": "hacker"  \n    } \n\n',
88 silly publish   _id: 'ep_themes@0.0.9',
88 silly publish   dist: { shasum: 'd812e65af8f3493fe3913ba6800f496e0e7e97ae' },
88 silly publish   _from: '.' }
89 verbose url raw ep_themes
90 verbose url resolving [ 'https://registry.npmjs.org/', './ep_themes' ]
91 verbose url resolved https://registry.npmjs.org/ep_themes
92 info trying registry request attempt 1 at 14:23:03
93 http PUT https://registry.npmjs.org/ep_themes
94 http 409 https://registry.npmjs.org/ep_themes
95 verbose url raw ep_themes
96 verbose url resolving [ 'https://registry.npmjs.org/', './ep_themes' ]
97 verbose url resolved https://registry.npmjs.org/ep_themes
98 info trying registry request attempt 1 at 14:23:19
99 http GET https://registry.npmjs.org/ep_themes
100 http 200 https://registry.npmjs.org/ep_themes
101 error publish fail Cannot publish over existing version.
101 error publish fail Update the 'version' field in package.json and try again.
101 error publish fail
101 error publish fail If the previous version was published in error, see:
101 error publish fail     npm help unpublish
101 error publish fail
101 error publish fail To automatically increment version numbers, see:
101 error publish fail     npm help version
102 error System Linux 2.6.32-5-686
103 error command "/usr/local/bin/node" "/usr/local/bin/npm" "publish"
104 error cwd /home/jose/ep_themes
105 error node -v v0.10.1
106 error npm -v 1.2.15
107 error code EPUBLISHCONFLICT
108 verbose exit [ 1, true ]
